2023-11-11 12:48:46,590 
Namespace(cfg='experiments/activitynet/MSAT-32.yaml', gpus=None, workers=None, dataDir=None, modelDir=None, logDir=None, verbose=True, tag=None)
2023-11-11 12:48:46,591 
{'CUDNN': {'BENCHMARK': True, 'DETERMINISTIC': False, 'ENABLED': True},
 'DATASET': {'BIAS': 0,
             'DOWNSAMPLING_STRIDE': 16,
             'MODALITY': '',
             'NAME': 'ActivityNet',
             'NORMALIZE': True,
             'NO_VAL': True,
             'NUM_SAMPLE_CLIPS': 256,
             'RANDOM_SAMPLING': False,
             'ROOT': '',
             'SPLIT': '',
             'TARGET_STRIDE': 8,
             'VIS_INPUT_TYPE': 'c3d'},
 'DATA_DIR': './data/ActivityNet',
 'LOG_DIR': './log',
 'LOSS': {'NAME': 'bce_rescale_loss',
          'PARAMS': {'W1': 0.5, 'W2': 0.5, 'W3': 10.0, 'W4': 0.25, 'W5': 0.25}},
 'MODEL': {'CHECKPOINT': './checkpoints/ActivityNet/TAN_c3d/iter023385-0.6144-0.8593.pkl',
           'NAME': 'TAN'},
 'MODEL_DIR': './checkpoints',
 'RESULT_DIR': './results',
 'TAG': '',
 'TAN': {'FRAME_MODULE': {'NAME': 'FrameAvgPool',
                          'PARAMS': {'HIDDEN_SIZE': 512,
                                     'INPUT_SIZE': 500,
                                     'KERNEL_SIZE': 8,
                                     'STRIDE': 8}},
         'FUSION_MODULE': {'NAME': '', 'PARAMS': None},
         'MAP_MODULE': {'NAME': '', 'PARAMS': None},
         'PRED_INPUT_SIZE': 512,
         'PROP_MODULE': {'NAME': '', 'PARAMS': None},
         'VL_MODULE': {'NAME': 'mPLUG',
                       'PARAMS': {'CLASSIFIER_DROPOUT': 0.1,
                                  'CLASSIFIER_HIDDEN_SIZE': 512,
                                  'CLASSIFIER_PRETRAINED': True,
                                  'CLASSIFIER_TYPE': '2fc',
                                  'NO_GROUNDING': True,
                                  'alpha': 0.3,
                                  'attention_probs_dropout_prob': 0.1,
                                  'distill': True,
                                  'encoder_width': 512,
                                  'hidden_dropout_prob': 0.1,
                                  'hidden_size': 512,
                                  'initializer_range': 0.02,
                                  'intermediate_size': 512,
                                  'max_position_embeddings': 512,
                                  'momentum': 0.995,
                                  'num_attention_heads': 32,
                                  'num_skip_connected_layers': 3,
                                  'queue_size': 50000,
                                  'stride_layer': 2,
                                  'temp': 0.1,
                                  'visual_size': 500,
                                  'vocab_size': 10728}}},
 'TEST': {'BATCH_SIZE': 64,
          'EVAL_TRAIN': False,
          'INTERVAL': 15.0,
          'NMS_THRESH': 0.51,
          'RECALL': '1,5',
          'TIOU': '0.3,0.5,0.7',
          'TOP_K': 10},
 'TRAIN': {'BATCH_SIZE': 64,
           'CONTINUE': False,
           'FACTOR': 0.8,
           'LR': 0.0001,
           'MAX_EPOCH': 51,
           'PATIENCE': 20,
           'SHUFFLE': True,
           'WEIGHT_DECAY': 0.0},
 'VERBOSE': True,
 'WORKERS': 4}
2023-11-11 13:48:29,640 
iter: 8769 train loss 6.9864 test loss 4.1963
+performance on testing set---------+-----------------+-----------------+-----------------+-----------------+-------+
| Rank@1,mIoU@0.3 | Rank@1,mIoU@0.5 | Rank@1,mIoU@0.7 | Rank@5,mIoU@0.3 | Rank@5,mIoU@0.5 | Rank@5,mIoU@0.7 | mIoU  |
+-----------------+-----------------+-----------------+-----------------+-----------------+-----------------+-------+
|      62.36      |      47.82      |      31.07      |      85.99      |      77.40      |      62.18      | 46.08 |
+-----------------+-----------------+-----------------+-----------------+-----------------+-----------------+-------+

2023-11-11 13:50:37,501 
iter: 8906 train loss 6.4148 test loss 4.1853
+performance on testing set---------+-----------------+-----------------+-----------------+-----------------+-------+
| Rank@1,mIoU@0.3 | Rank@1,mIoU@0.5 | Rank@1,mIoU@0.7 | Rank@5,mIoU@0.3 | Rank@5,mIoU@0.5 | Rank@5,mIoU@0.7 | mIoU  |
+-----------------+-----------------+-----------------+-----------------+-----------------+-----------------+-------+
|      61.83      |      46.78      |      30.19      |      85.38      |      76.54      |      62.00      | 45.63 |
+-----------------+-----------------+-----------------+-----------------+-----------------+-----------------+-------+

2023-11-11 13:52:49,225 
iter: 9052 train loss 6.3962 test loss 4.1547
+performance on testing set---------+-----------------+-----------------+-----------------+-----------------+-------+
| Rank@1,mIoU@0.3 | Rank@1,mIoU@0.5 | Rank@1,mIoU@0.7 | Rank@5,mIoU@0.3 | Rank@5,mIoU@0.5 | Rank@5,mIoU@0.7 | mIoU  |
+-----------------+-----------------+-----------------+-----------------+-----------------+-----------------+-------+
|      61.00      |      46.29      |      29.62      |      85.67      |      77.09      |      62.28      | 45.39 |
+-----------------+-----------------+-----------------+-----------------+-----------------+-----------------+-------+

2023-11-11 13:54:58,505 
iter: 9198 train loss 6.2885 test loss 4.2053
+performance on testing set---------+-----------------+-----------------+-----------------+-----------------+-------+
| Rank@1,mIoU@0.3 | Rank@1,mIoU@0.5 | Rank@1,mIoU@0.7 | Rank@5,mIoU@0.3 | Rank@5,mIoU@0.5 | Rank@5,mIoU@0.7 | mIoU  |
+-----------------+-----------------+-----------------+-----------------+-----------------+-----------------+-------+
|      62.05      |      46.85      |      29.42      |      85.59      |      76.77      |      62.20      | 45.32 |
+-----------------+-----------------+-----------------+-----------------+-----------------+-----------------+-------+

2023-11-11 13:57:07,901 
iter: 9344 train loss 6.1373 test loss 4.1913
+performance on testing set---------+-----------------+-----------------+-----------------+-----------------+-------+
| Rank@1,mIoU@0.3 | Rank@1,mIoU@0.5 | Rank@1,mIoU@0.7 | Rank@5,mIoU@0.3 | Rank@5,mIoU@0.5 | Rank@5,mIoU@0.7 | mIoU  |
+-----------------+-----------------+-----------------+-----------------+-----------------+-----------------+-------+
|      61.78      |      46.98      |      30.36      |      86.09      |      77.16      |      62.29      | 45.72 |
+-----------------+-----------------+-----------------+-----------------+-----------------+-----------------+-------+

2023-11-11 13:59:19,513 
iter: 9490 train loss 6.3864 test loss 4.1974
+performance on testing set---------+-----------------+-----------------+-----------------+-----------------+-------+
| Rank@1,mIoU@0.3 | Rank@1,mIoU@0.5 | Rank@1,mIoU@0.7 | Rank@5,mIoU@0.3 | Rank@5,mIoU@0.5 | Rank@5,mIoU@0.7 | mIoU  |
+-----------------+-----------------+-----------------+-----------------+-----------------+-----------------+-------+
|      61.61      |      47.15      |      30.03      |      84.95      |      76.13      |      60.82      | 45.21 |
+-----------------+-----------------+-----------------+-----------------+-----------------+-----------------+-------+

2023-11-11 14:01:30,094 
iter: 9636 train loss 6.3138 test loss 4.1418
+performance on testing set---------+-----------------+-----------------+-----------------+-----------------+-------+
| Rank@1,mIoU@0.3 | Rank@1,mIoU@0.5 | Rank@1,mIoU@0.7 | Rank@5,mIoU@0.3 | Rank@5,mIoU@0.5 | Rank@5,mIoU@0.7 | mIoU  |
+-----------------+-----------------+-----------------+-----------------+-----------------+-----------------+-------+
|      61.63      |      47.01      |      30.39      |      84.83      |      76.26      |      61.65      | 45.42 |
+-----------------+-----------------+-----------------+-----------------+-----------------+-----------------+-------+

2023-11-11 14:03:41,594 
iter: 9782 train loss 6.2049 test loss 4.1338
+performance on testing set---------+-----------------+-----------------+-----------------+-----------------+-------+
| Rank@1,mIoU@0.3 | Rank@1,mIoU@0.5 | Rank@1,mIoU@0.7 | Rank@5,mIoU@0.3 | Rank@5,mIoU@0.5 | Rank@5,mIoU@0.7 | mIoU  |
+-----------------+-----------------+-----------------+-----------------+-----------------+-----------------+-------+
|      61.98      |      48.42      |      31.54      |      85.60      |      76.89      |      62.12      | 46.00 |
+-----------------+-----------------+-----------------+-----------------+-----------------+-----------------+-------+

2023-11-11 14:05:52,185 
iter: 9928 train loss 6.1197 test loss 4.1795
+performance on testing set---------+-----------------+-----------------+-----------------+-----------------+-------+
| Rank@1,mIoU@0.3 | Rank@1,mIoU@0.5 | Rank@1,mIoU@0.7 | Rank@5,mIoU@0.3 | Rank@5,mIoU@0.5 | Rank@5,mIoU@0.7 | mIoU  |
+-----------------+-----------------+-----------------+-----------------+-----------------+-----------------+-------+
|      61.90      |      47.52      |      30.86      |      84.46      |      75.65      |      61.10      | 45.59 |
+-----------------+-----------------+-----------------+-----------------+-----------------+-----------------+-------+

2023-11-11 14:08:03,098 
iter: 10074 train loss 6.2634 test loss 4.2095
+performance on testing set---------+-----------------+-----------------+-----------------+-----------------+-------+
| Rank@1,mIoU@0.3 | Rank@1,mIoU@0.5 | Rank@1,mIoU@0.7 | Rank@5,mIoU@0.3 | Rank@5,mIoU@0.5 | Rank@5,mIoU@0.7 | mIoU  |
+-----------------+-----------------+-----------------+-----------------+-----------------+-----------------+-------+
|      58.14      |      44.14      |      28.44      |      83.92      |      75.05      |      60.22      | 43.19 |
+-----------------+-----------------+-----------------+-----------------+-----------------+-----------------+-------+

2023-11-11 14:10:13,096 
iter: 10220 train loss 6.3145 test loss 4.1408
+performance on testing set---------+-----------------+-----------------+-----------------+-----------------+-------+
| Rank@1,mIoU@0.3 | Rank@1,mIoU@0.5 | Rank@1,mIoU@0.7 | Rank@5,mIoU@0.3 | Rank@5,mIoU@0.5 | Rank@5,mIoU@0.7 | mIoU  |
+-----------------+-----------------+-----------------+-----------------+-----------------+-----------------+-------+
|      59.93      |      46.36      |      29.95      |      84.32      |      75.89      |      61.35      | 44.50 |
+-----------------+-----------------+-----------------+-----------------+-----------------+-----------------+-------+

2023-11-11 14:12:22,862 
iter: 10366 train loss 6.1626 test loss 4.1167
+performance on testing set---------+-----------------+-----------------+-----------------+-----------------+-------+
| Rank@1,mIoU@0.3 | Rank@1,mIoU@0.5 | Rank@1,mIoU@0.7 | Rank@5,mIoU@0.3 | Rank@5,mIoU@0.5 | Rank@5,mIoU@0.7 | mIoU  |
+-----------------+-----------------+-----------------+-----------------+-----------------+-----------------+-------+
|      62.77      |      46.92      |      29.60      |      86.44      |      77.74      |      62.98      | 45.89 |
+-----------------+-----------------+-----------------+-----------------+-----------------+-----------------+-------+

2023-11-11 14:14:33,273 
iter: 10512 train loss 6.0727 test loss 4.0937
+performance on testing set---------+-----------------+-----------------+-----------------+-----------------+-------+
| Rank@1,mIoU@0.3 | Rank@1,mIoU@0.5 | Rank@1,mIoU@0.7 | Rank@5,mIoU@0.3 | Rank@5,mIoU@0.5 | Rank@5,mIoU@0.7 | mIoU  |
+-----------------+-----------------+-----------------+-----------------+-----------------+-----------------+-------+
|      62.28      |      48.03      |      30.88      |      85.19      |      76.88      |      62.62      | 46.02 |
+-----------------+-----------------+-----------------+-----------------+-----------------+-----------------+-------+

2023-11-11 14:16:43,944 
iter: 10658 train loss 6.2330 test loss 4.0826
+performance on testing set---------+-----------------+-----------------+-----------------+-----------------+-------+
| Rank@1,mIoU@0.3 | Rank@1,mIoU@0.5 | Rank@1,mIoU@0.7 | Rank@5,mIoU@0.3 | Rank@5,mIoU@0.5 | Rank@5,mIoU@0.7 | mIoU  |
+-----------------+-----------------+-----------------+-----------------+-----------------+-----------------+-------+
|      61.95      |      47.48      |      30.31      |      85.25      |      76.86      |      62.16      | 45.57 |
+-----------------+-----------------+-----------------+-----------------+-----------------+-----------------+-------+

2023-11-11 14:18:54,275 
iter: 10804 train loss 6.2377 test loss 4.1529
+performance on testing set---------+-----------------+-----------------+-----------------+-----------------+-------+
| Rank@1,mIoU@0.3 | Rank@1,mIoU@0.5 | Rank@1,mIoU@0.7 | Rank@5,mIoU@0.3 | Rank@5,mIoU@0.5 | Rank@5,mIoU@0.7 | mIoU  |
+-----------------+-----------------+-----------------+-----------------+-----------------+-----------------+-------+
|      62.18      |      46.73      |      29.63      |      85.30      |      76.93      |      62.07      | 45.57 |
+-----------------+-----------------+-----------------+-----------------+-----------------+-----------------+-------+

2023-11-11 14:21:04,078 
iter: 10950 train loss 6.1752 test loss 4.1019
+performance on testing set---------+-----------------+-----------------+-----------------+-----------------+-------+
| Rank@1,mIoU@0.3 | Rank@1,mIoU@0.5 | Rank@1,mIoU@0.7 | Rank@5,mIoU@0.3 | Rank@5,mIoU@0.5 | Rank@5,mIoU@0.7 | mIoU  |
+-----------------+-----------------+-----------------+-----------------+-----------------+-----------------+-------+
|      61.01      |      47.17      |      30.43      |      86.07      |      77.74      |      62.03      | 45.10 |
+-----------------+-----------------+-----------------+-----------------+-----------------+-----------------+-------+

2023-11-11 14:23:15,055 
iter: 11096 train loss 6.0496 test loss 4.0729
+performance on testing set---------+-----------------+-----------------+-----------------+-----------------+-------+
| Rank@1,mIoU@0.3 | Rank@1,mIoU@0.5 | Rank@1,mIoU@0.7 | Rank@5,mIoU@0.3 | Rank@5,mIoU@0.5 | Rank@5,mIoU@0.7 | mIoU  |
+-----------------+-----------------+-----------------+-----------------+-----------------+-----------------+-------+
|      60.97      |      46.13      |      29.86      |      85.97      |      77.39      |      62.33      | 45.13 |
+-----------------+-----------------+-----------------+-----------------+-----------------+-----------------+-------+

2023-11-11 14:25:26,604 
iter: 11242 train loss 6.1721 test loss 4.1222
+performance on testing set---------+-----------------+-----------------+-----------------+-----------------+-------+
| Rank@1,mIoU@0.3 | Rank@1,mIoU@0.5 | Rank@1,mIoU@0.7 | Rank@5,mIoU@0.3 | Rank@5,mIoU@0.5 | Rank@5,mIoU@0.7 | mIoU  |
+-----------------+-----------------+-----------------+-----------------+-----------------+-----------------+-------+
|      62.19      |      47.24      |      29.96      |      85.44      |      76.71      |      61.77      | 45.52 |
+-----------------+-----------------+-----------------+-----------------+-----------------+-----------------+-------+

2023-11-11 14:27:37,341 
iter: 11388 train loss 6.2374 test loss 4.0531
+performance on testing set---------+-----------------+-----------------+-----------------+-----------------+-------+
| Rank@1,mIoU@0.3 | Rank@1,mIoU@0.5 | Rank@1,mIoU@0.7 | Rank@5,mIoU@0.3 | Rank@5,mIoU@0.5 | Rank@5,mIoU@0.7 | mIoU  |
+-----------------+-----------------+-----------------+-----------------+-----------------+-----------------+-------+
|      62.58      |      48.29      |      31.12      |      85.77      |      77.42      |      62.73      | 46.12 |
+-----------------+-----------------+-----------------+-----------------+-----------------+-----------------+-------+

2023-11-11 14:29:47,636 
iter: 11534 train loss 6.1106 test loss 4.0889
+performance on testing set---------+-----------------+-----------------+-----------------+-----------------+-------+
| Rank@1,mIoU@0.3 | Rank@1,mIoU@0.5 | Rank@1,mIoU@0.7 | Rank@5,mIoU@0.3 | Rank@5,mIoU@0.5 | Rank@5,mIoU@0.7 | mIoU  |
+-----------------+-----------------+-----------------+-----------------+-----------------+-----------------+-------+
|      61.54      |      47.28      |      30.56      |      86.19      |      77.68      |      62.28      | 45.35 |
+-----------------+-----------------+-----------------+-----------------+-----------------+-----------------+-------+

2023-11-11 14:31:57,990 
iter: 11680 train loss 5.9570 test loss 4.0948
+performance on testing set---------+-----------------+-----------------+-----------------+-----------------+-------+
| Rank@1,mIoU@0.3 | Rank@1,mIoU@0.5 | Rank@1,mIoU@0.7 | Rank@5,mIoU@0.3 | Rank@5,mIoU@0.5 | Rank@5,mIoU@0.7 | mIoU  |
+-----------------+-----------------+-----------------+-----------------+-----------------+-----------------+-------+
|      61.05      |      46.07      |      29.22      |      85.10      |      76.56      |      60.55      | 45.00 |
+-----------------+-----------------+-----------------+-----------------+-----------------+-----------------+-------+

2023-11-11 14:34:07,567 
iter: 11826 train loss 6.1651 test loss 4.1241
+performance on testing set---------+-----------------+-----------------+-----------------+-----------------+-------+
| Rank@1,mIoU@0.3 | Rank@1,mIoU@0.5 | Rank@1,mIoU@0.7 | Rank@5,mIoU@0.3 | Rank@5,mIoU@0.5 | Rank@5,mIoU@0.7 | mIoU  |
+-----------------+-----------------+-----------------+-----------------+-----------------+-----------------+-------+
|      61.82      |      47.26      |      30.49      |      84.74      |      76.19      |      61.47      | 45.51 |
+-----------------+-----------------+-----------------+-----------------+-----------------+-----------------+-------+

2023-11-11 14:36:14,873 
iter: 11972 train loss 6.1773 test loss 4.0553
+performance on testing set---------+-----------------+-----------------+-----------------+-----------------+-------+
| Rank@1,mIoU@0.3 | Rank@1,mIoU@0.5 | Rank@1,mIoU@0.7 | Rank@5,mIoU@0.3 | Rank@5,mIoU@0.5 | Rank@5,mIoU@0.7 | mIoU  |
+-----------------+-----------------+-----------------+-----------------+-----------------+-----------------+-------+
|      62.33      |      48.28      |      32.02      |      86.05      |      77.40      |      62.77      | 46.27 |
+-----------------+-----------------+-----------------+-----------------+-----------------+-----------------+-------+

2023-11-11 14:38:23,797 
iter: 12118 train loss 6.0636 test loss 4.0587
+performance on testing set---------+-----------------+-----------------+-----------------+-----------------+-------+
| Rank@1,mIoU@0.3 | Rank@1,mIoU@0.5 | Rank@1,mIoU@0.7 | Rank@5,mIoU@0.3 | Rank@5,mIoU@0.5 | Rank@5,mIoU@0.7 | mIoU  |
+-----------------+-----------------+-----------------+-----------------+-----------------+-----------------+-------+
|      61.67      |      47.26      |      31.07      |      84.93      |      76.08      |      61.18      | 45.74 |
+-----------------+-----------------+-----------------+-----------------+-----------------+-----------------+-------+

2023-11-11 14:40:32,666 
iter: 12264 train loss 5.9423 test loss 4.1112
+performance on testing set---------+-----------------+-----------------+-----------------+-----------------+-------+
| Rank@1,mIoU@0.3 | Rank@1,mIoU@0.5 | Rank@1,mIoU@0.7 | Rank@5,mIoU@0.3 | Rank@5,mIoU@0.5 | Rank@5,mIoU@0.7 | mIoU  |
+-----------------+-----------------+-----------------+-----------------+-----------------+-----------------+-------+
|      61.85      |      47.86      |      31.54      |      84.89      |      76.27      |      61.49      | 45.82 |
+-----------------+-----------------+-----------------+-----------------+-----------------+-----------------+-------+

2023-11-11 14:42:43,131 
iter: 12410 train loss 6.0896 test loss 4.0776
+performance on testing set---------+-----------------+-----------------+-----------------+-----------------+-------+
| Rank@1,mIoU@0.3 | Rank@1,mIoU@0.5 | Rank@1,mIoU@0.7 | Rank@5,mIoU@0.3 | Rank@5,mIoU@0.5 | Rank@5,mIoU@0.7 | mIoU  |
+-----------------+-----------------+-----------------+-----------------+-----------------+-----------------+-------+
|      62.23      |      47.74      |      31.04      |      85.51      |      76.75      |      62.06      | 45.87 |
+-----------------+-----------------+-----------------+-----------------+-----------------+-----------------+-------+

