2023-11-28 21:52:11,607 
Namespace(cfg='experiments/tacos/MSAT-128.yaml', gpus=None, workers=None, dataDir=None, modelDir=None, logDir=None, verbose=True, tag=None)
2023-11-28 21:52:11,608 
{'CUDNN': {'BENCHMARK': True, 'DETERMINISTIC': False, 'ENABLED': True},
 'DATASET': {'BIAS': 0,
             'DOWNSAMPLING_STRIDE': 16,
             'MODALITY': '',
             'NAME': 'TACoS',
             'NORMALIZE': True,
             'NO_VAL': True,
             'NUM_SAMPLE_CLIPS': 256,
             'RANDOM_SAMPLING': False,
             'ROOT': '',
             'SPLIT': '',
             'TARGET_STRIDE': 2,
             'VIS_INPUT_TYPE': 'c3d'},
 'DATA_DIR': './data/TACoS',
 'LOG_DIR': './log',
 'LOSS': {'NAME': 'bce_rescale_loss',
          'PARAMS': {'W1': 0.5, 'W2': 0.5, 'W3': 100.0, 'W4': 0.5, 'W5': 0.5}},
 'MODEL': {'CHECKPOINT': './checkpoints/TACoS/TAN_c3d/iter079495-0.4451-0.6342.pkl',
           'NAME': 'TAN'},
 'MODEL_DIR': './checkpoints',
 'RESULT_DIR': './results',
 'TAG': '',
 'TAN': {'FRAME_MODULE': {'NAME': 'FrameAvgPool',
                          'PARAMS': {'HIDDEN_SIZE': 512,
                                     'INPUT_SIZE': 4096,
                                     'KERNEL_SIZE': 2,
                                     'STRIDE': 2}},
         'FUSION_MODULE': {'NAME': '', 'PARAMS': None},
         'MAP_MODULE': {'NAME': '', 'PARAMS': None},
         'PRED_INPUT_SIZE': 512,
         'PROP_MODULE': {'NAME': '', 'PARAMS': None},
         'VL_MODULE': {'NAME': 'mPLUG',
                       'PARAMS': {'CLASSIFIER_DROPOUT': 0.1,
                                  'CLASSIFIER_HIDDEN_SIZE': 512,
                                  'CLASSIFIER_PRETRAINED': True,
                                  'CLASSIFIER_TYPE': '2fc',
                                  'alpha': 0.3,
                                  'attention_probs_dropout_prob': 0.1,
                                  'distill': True,
                                  'encoder_width': 512,
                                  'hidden_dropout_prob': 0.1,
                                  'hidden_size': 512,
                                  'initializer_range': 0.02,
                                  'intermediate_size': 512,
                                  'max_position_embeddings': 512,
                                  'momentum': 0.995,
                                  'num_attention_heads': 16,
                                  'num_skip_connected_layers': 3,
                                  'queue_size': 50000,
                                  'stride_layer': 2,
                                  'temp': 0.1,
                                  'visual_size': 4096,
                                  'vocab_size': 1514}}},
 'TEST': {'BATCH_SIZE': 6,
          'EVAL_TRAIN': False,
          'INTERVAL': 25.0,
          'NMS_THRESH': 0.37,
          'RECALL': '1,5',
          'TIOU': '0.3,0.5,0.7',
          'TOP_K': 10},
 'TRAIN': {'BATCH_SIZE': 6,
           'CONTINUE': False,
           'FACTOR': 0.8,
           'LR': 5e-05,
           'MAX_EPOCH': 102,
           'PATIENCE': 20,
           'SHUFFLE': True,
           'WEIGHT_DECAY': 0.0},
 'VERBOSE': True,
 'WORKERS': 4}
2023-11-29 00:28:41,988 
iter: 40791 train loss 10.8509 test loss 9.0439
+performance on testing set---------+-----------------+-----------------+-----------------+-----------------+-------+
| Rank@1,mIoU@0.3 | Rank@1,mIoU@0.5 | Rank@1,mIoU@0.7 | Rank@5,mIoU@0.3 | Rank@5,mIoU@0.5 | Rank@5,mIoU@0.7 | mIoU  |
+-----------------+-----------------+-----------------+-----------------+-----------------+-----------------+-------+
|      44.41      |      34.51      |      20.69      |      68.25      |      57.26      |      30.86      | 32.18 |
+-----------------+-----------------+-----------------+-----------------+-----------------+-----------------+-------+

2023-11-29 00:38:09,322 
iter: 42406 train loss 9.2227 test loss 8.9545
+performance on testing set---------+-----------------+-----------------+-----------------+-----------------+-------+
| Rank@1,mIoU@0.3 | Rank@1,mIoU@0.5 | Rank@1,mIoU@0.7 | Rank@5,mIoU@0.3 | Rank@5,mIoU@0.5 | Rank@5,mIoU@0.7 | mIoU  |
+-----------------+-----------------+-----------------+-----------------+-----------------+-----------------+-------+
|      45.49      |      34.39      |      19.87      |      67.51      |      57.31      |      30.74      | 31.97 |
+-----------------+-----------------+-----------------+-----------------+-----------------+-----------------+-------+

2023-11-29 00:47:41,901 
iter: 44037 train loss 9.1257 test loss 9.3119
+performance on testing set---------+-----------------+-----------------+-----------------+-----------------+-------+
| Rank@1,mIoU@0.3 | Rank@1,mIoU@0.5 | Rank@1,mIoU@0.7 | Rank@5,mIoU@0.3 | Rank@5,mIoU@0.5 | Rank@5,mIoU@0.7 | mIoU  |
+-----------------+-----------------+-----------------+-----------------+-----------------+-----------------+-------+
|      46.98      |      34.89      |      21.27      |      67.03      |      56.51      |      30.99      | 32.98 |
+-----------------+-----------------+-----------------+-----------------+-----------------+-----------------+-------+

2023-11-29 00:57:14,284 
iter: 45668 train loss 9.0422 test loss 9.2958
+performance on testing set---------+-----------------+-----------------+-----------------+-----------------+-------+
| Rank@1,mIoU@0.3 | Rank@1,mIoU@0.5 | Rank@1,mIoU@0.7 | Rank@5,mIoU@0.3 | Rank@5,mIoU@0.5 | Rank@5,mIoU@0.7 | mIoU  |
+-----------------+-----------------+-----------------+-----------------+-----------------+-----------------+-------+
|      44.34      |      33.84      |      19.79      |      66.13      |      54.68      |      29.79      | 31.39 |
+-----------------+-----------------+-----------------+-----------------+-----------------+-----------------+-------+

2023-11-29 01:06:46,285 
iter: 47299 train loss 9.0110 test loss 9.2033
+performance on testing set---------+-----------------+-----------------+-----------------+-----------------+-------+
| Rank@1,mIoU@0.3 | Rank@1,mIoU@0.5 | Rank@1,mIoU@0.7 | Rank@5,mIoU@0.3 | Rank@5,mIoU@0.5 | Rank@5,mIoU@0.7 | mIoU  |
+-----------------+-----------------+-----------------+-----------------+-----------------+-----------------+-------+
|      46.76      |      35.56      |      20.99      |      68.50      |      58.18      |      31.56      | 33.23 |
+-----------------+-----------------+-----------------+-----------------+-----------------+-----------------+-------+

2023-11-29 01:16:18,274 
iter: 48930 train loss 8.9591 test loss 9.2861
+performance on testing set---------+-----------------+-----------------+-----------------+-----------------+-------+
| Rank@1,mIoU@0.3 | Rank@1,mIoU@0.5 | Rank@1,mIoU@0.7 | Rank@5,mIoU@0.3 | Rank@5,mIoU@0.5 | Rank@5,mIoU@0.7 | mIoU  |
+-----------------+-----------------+-----------------+-----------------+-----------------+-----------------+-------+
|      45.01      |      33.84      |      20.69      |      65.68      |      55.14      |      31.51      | 31.92 |
+-----------------+-----------------+-----------------+-----------------+-----------------+-----------------+-------+

2023-11-29 01:25:49,337 
iter: 50561 train loss 8.8398 test loss 9.5882
+performance on testing set---------+-----------------+-----------------+-----------------+-----------------+-------+
| Rank@1,mIoU@0.3 | Rank@1,mIoU@0.5 | Rank@1,mIoU@0.7 | Rank@5,mIoU@0.3 | Rank@5,mIoU@0.5 | Rank@5,mIoU@0.7 | mIoU  |
+-----------------+-----------------+-----------------+-----------------+-----------------+-----------------+-------+
|      46.11      |      34.94      |      20.59      |      66.06      |      54.91      |      29.84      | 32.65 |
+-----------------+-----------------+-----------------+-----------------+-----------------+-----------------+-------+

2023-11-29 01:35:20,456 
iter: 52192 train loss 8.7568 test loss 9.3067
+performance on testing set---------+-----------------+-----------------+-----------------+-----------------+-------+
| Rank@1,mIoU@0.3 | Rank@1,mIoU@0.5 | Rank@1,mIoU@0.7 | Rank@5,mIoU@0.3 | Rank@5,mIoU@0.5 | Rank@5,mIoU@0.7 | mIoU  |
+-----------------+-----------------+-----------------+-----------------+-----------------+-----------------+-------+
|      45.88      |      34.56      |      20.11      |      65.63      |      54.59      |      30.04      | 32.37 |
+-----------------+-----------------+-----------------+-----------------+-----------------+-----------------+-------+

2023-11-29 01:44:50,323 
iter: 53823 train loss 8.7110 test loss 9.5452
+performance on testing set---------+-----------------+-----------------+-----------------+-----------------+-------+
| Rank@1,mIoU@0.3 | Rank@1,mIoU@0.5 | Rank@1,mIoU@0.7 | Rank@5,mIoU@0.3 | Rank@5,mIoU@0.5 | Rank@5,mIoU@0.7 | mIoU  |
+-----------------+-----------------+-----------------+-----------------+-----------------+-----------------+-------+
|      45.73      |      34.06      |      20.72      |      64.60      |      53.58      |      29.97      | 32.35 |
+-----------------+-----------------+-----------------+-----------------+-----------------+-----------------+-------+

2023-11-29 01:54:20,452 
iter: 55454 train loss 8.6578 test loss 9.3393
+performance on testing set---------+-----------------+-----------------+-----------------+-----------------+-------+
| Rank@1,mIoU@0.3 | Rank@1,mIoU@0.5 | Rank@1,mIoU@0.7 | Rank@5,mIoU@0.3 | Rank@5,mIoU@0.5 | Rank@5,mIoU@0.7 | mIoU  |
+-----------------+-----------------+-----------------+-----------------+-----------------+-----------------+-------+
|      47.04      |      35.37      |      20.92      |      68.63      |      57.56      |      31.74      | 33.37 |
+-----------------+-----------------+-----------------+-----------------+-----------------+-----------------+-------+

2023-11-29 02:03:49,100 
iter: 57085 train loss 8.5879 test loss 9.2510
+performance on testing set---------+-----------------+-----------------+-----------------+-----------------+-------+
| Rank@1,mIoU@0.3 | Rank@1,mIoU@0.5 | Rank@1,mIoU@0.7 | Rank@5,mIoU@0.3 | Rank@5,mIoU@0.5 | Rank@5,mIoU@0.7 | mIoU  |
+-----------------+-----------------+-----------------+-----------------+-----------------+-----------------+-------+
|      46.11      |      35.76      |      20.42      |      67.70      |      56.76      |      29.67      | 33.06 |
+-----------------+-----------------+-----------------+-----------------+-----------------+-----------------+-------+

2023-11-29 02:13:21,545 
iter: 58716 train loss 8.4873 test loss 9.4397
+performance on testing set---------+-----------------+-----------------+-----------------+-----------------+-------+
| Rank@1,mIoU@0.3 | Rank@1,mIoU@0.5 | Rank@1,mIoU@0.7 | Rank@5,mIoU@0.3 | Rank@5,mIoU@0.5 | Rank@5,mIoU@0.7 | mIoU  |
+-----------------+-----------------+-----------------+-----------------+-----------------+-----------------+-------+
|      48.96      |      37.32      |      22.59      |      69.83      |      58.83      |      32.68      | 34.92 |
+-----------------+-----------------+-----------------+-----------------+-----------------+-----------------+-------+

2023-11-29 02:22:51,555 
iter: 60347 train loss 8.4474 test loss 9.7876
+performance on testing set---------+-----------------+-----------------+-----------------+-----------------+-------+
| Rank@1,mIoU@0.3 | Rank@1,mIoU@0.5 | Rank@1,mIoU@0.7 | Rank@5,mIoU@0.3 | Rank@5,mIoU@0.5 | Rank@5,mIoU@0.7 | mIoU  |
+-----------------+-----------------+-----------------+-----------------+-----------------+-----------------+-------+
|      45.23      |      33.24      |      20.74      |      68.08      |      56.61      |      31.91      | 31.99 |
+-----------------+-----------------+-----------------+-----------------+-----------------+-----------------+-------+

2023-11-29 02:32:23,584 
iter: 61978 train loss 8.4160 test loss 9.2840
+performance on testing set---------+-----------------+-----------------+-----------------+-----------------+-------+
| Rank@1,mIoU@0.3 | Rank@1,mIoU@0.5 | Rank@1,mIoU@0.7 | Rank@5,mIoU@0.3 | Rank@5,mIoU@0.5 | Rank@5,mIoU@0.7 | mIoU  |
+-----------------+-----------------+-----------------+-----------------+-----------------+-----------------+-------+
|      45.73      |      34.61      |      20.26      |      66.78      |      56.46      |      30.79      | 32.23 |
+-----------------+-----------------+-----------------+-----------------+-----------------+-----------------+-------+

2023-11-29 02:41:52,342 
iter: 63609 train loss 8.3553 test loss 9.8485
+performance on testing set---------+-----------------+-----------------+-----------------+-----------------+-------+
| Rank@1,mIoU@0.3 | Rank@1,mIoU@0.5 | Rank@1,mIoU@0.7 | Rank@5,mIoU@0.3 | Rank@5,mIoU@0.5 | Rank@5,mIoU@0.7 | mIoU  |
+-----------------+-----------------+-----------------+-----------------+-----------------+-----------------+-------+
|      45.96      |      35.92      |      21.72      |      65.20      |      55.36      |      30.76      | 32.82 |
+-----------------+-----------------+-----------------+-----------------+-----------------+-----------------+-------+

2023-11-29 02:51:23,213 
iter: 65240 train loss 8.2919 test loss 9.3099
+performance on testing set---------+-----------------+-----------------+-----------------+-----------------+-------+
| Rank@1,mIoU@0.3 | Rank@1,mIoU@0.5 | Rank@1,mIoU@0.7 | Rank@5,mIoU@0.3 | Rank@5,mIoU@0.5 | Rank@5,mIoU@0.7 | mIoU  |
+-----------------+-----------------+-----------------+-----------------+-----------------+-----------------+-------+
|      45.86      |      34.49      |      20.72      |      66.23      |      55.98      |      31.34      | 32.33 |
+-----------------+-----------------+-----------------+-----------------+-----------------+-----------------+-------+

2023-11-29 03:00:54,426 
iter: 66871 train loss 8.1864 test loss 9.7013
+performance on testing set---------+-----------------+-----------------+-----------------+-----------------+-------+
| Rank@1,mIoU@0.3 | Rank@1,mIoU@0.5 | Rank@1,mIoU@0.7 | Rank@5,mIoU@0.3 | Rank@5,mIoU@0.5 | Rank@5,mIoU@0.7 | mIoU  |
+-----------------+-----------------+-----------------+-----------------+-----------------+-----------------+-------+
|      47.24      |      36.12      |      21.84      |      68.36      |      57.26      |      31.78      | 33.53 |
+-----------------+-----------------+-----------------+-----------------+-----------------+-----------------+-------+

2023-11-29 03:10:24,627 
iter: 68502 train loss 8.1309 test loss 10.6615
+performance on testing set---------+-----------------+-----------------+-----------------+-----------------+-------+
| Rank@1,mIoU@0.3 | Rank@1,mIoU@0.5 | Rank@1,mIoU@0.7 | Rank@5,mIoU@0.3 | Rank@5,mIoU@0.5 | Rank@5,mIoU@0.7 | mIoU  |
+-----------------+-----------------+-----------------+-----------------+-----------------+-----------------+-------+
|      45.14      |      33.69      |      21.37      |      63.05      |      53.03      |      30.56      | 31.93 |
+-----------------+-----------------+-----------------+-----------------+-----------------+-----------------+-------+

2023-11-29 03:19:56,362 
iter: 70133 train loss 8.0994 test loss 9.5447
+performance on testing set---------+-----------------+-----------------+-----------------+-----------------+-------+
| Rank@1,mIoU@0.3 | Rank@1,mIoU@0.5 | Rank@1,mIoU@0.7 | Rank@5,mIoU@0.3 | Rank@5,mIoU@0.5 | Rank@5,mIoU@0.7 | mIoU  |
+-----------------+-----------------+-----------------+-----------------+-----------------+-----------------+-------+
|      47.21      |      35.66      |      20.44      |      67.43      |      56.93      |      30.37      | 33.44 |
+-----------------+-----------------+-----------------+-----------------+-----------------+-----------------+-------+

2023-11-29 03:29:27,840 
iter: 71764 train loss 8.0304 test loss 9.5871
+performance on testing set---------+-----------------+-----------------+-----------------+-----------------+-------+
| Rank@1,mIoU@0.3 | Rank@1,mIoU@0.5 | Rank@1,mIoU@0.7 | Rank@5,mIoU@0.3 | Rank@5,mIoU@0.5 | Rank@5,mIoU@0.7 | mIoU  |
+-----------------+-----------------+-----------------+-----------------+-----------------+-----------------+-------+
|      48.31      |      36.89      |      23.44      |      67.78      |      57.76      |      32.99      | 34.51 |
+-----------------+-----------------+-----------------+-----------------+-----------------+-----------------+-------+

2023-11-29 03:38:58,484 
iter: 73395 train loss 8.0318 test loss 10.1670
+performance on testing set---------+-----------------+-----------------+-----------------+-----------------+-------+
| Rank@1,mIoU@0.3 | Rank@1,mIoU@0.5 | Rank@1,mIoU@0.7 | Rank@5,mIoU@0.3 | Rank@5,mIoU@0.5 | Rank@5,mIoU@0.7 | mIoU  |
+-----------------+-----------------+-----------------+-----------------+-----------------+-----------------+-------+
|      46.19      |      35.39      |      21.42      |      67.10      |      56.11      |      31.94      | 33.03 |
+-----------------+-----------------+-----------------+-----------------+-----------------+-----------------+-------+

2023-11-29 03:48:31,974 
iter: 75026 train loss 7.9556 test loss 9.9490
+performance on testing set---------+-----------------+-----------------+-----------------+-----------------+-------+
| Rank@1,mIoU@0.3 | Rank@1,mIoU@0.5 | Rank@1,mIoU@0.7 | Rank@5,mIoU@0.3 | Rank@5,mIoU@0.5 | Rank@5,mIoU@0.7 | mIoU  |
+-----------------+-----------------+-----------------+-----------------+-----------------+-----------------+-------+
|      47.66      |      36.16      |      22.14      |      65.75      |      55.65      |      31.69      | 33.80 |
+-----------------+-----------------+-----------------+-----------------+-----------------+-----------------+-------+

2023-11-29 03:58:03,291 
iter: 76657 train loss 7.8870 test loss 10.6291
+performance on testing set---------+-----------------+-----------------+-----------------+-----------------+-------+
| Rank@1,mIoU@0.3 | Rank@1,mIoU@0.5 | Rank@1,mIoU@0.7 | Rank@5,mIoU@0.3 | Rank@5,mIoU@0.5 | Rank@5,mIoU@0.7 | mIoU  |
+-----------------+-----------------+-----------------+-----------------+-----------------+-----------------+-------+
|      47.89      |      35.09      |      21.37      |      67.41      |      57.71      |      32.27      | 33.68 |
+-----------------+-----------------+-----------------+-----------------+-----------------+-----------------+-------+

2023-11-29 04:07:31,800 
iter: 78288 train loss 7.8701 test loss 9.4513
+performance on testing set---------+-----------------+-----------------+-----------------+-----------------+-------+
| Rank@1,mIoU@0.3 | Rank@1,mIoU@0.5 | Rank@1,mIoU@0.7 | Rank@5,mIoU@0.3 | Rank@5,mIoU@0.5 | Rank@5,mIoU@0.7 | mIoU  |
+-----------------+-----------------+-----------------+-----------------+-----------------+-----------------+-------+
|      47.58      |      35.69      |      20.84      |      67.90      |      56.96      |      30.89      | 33.46 |
+-----------------+-----------------+-----------------+-----------------+-----------------+-----------------+-------+

2023-11-29 04:17:01,740 
iter: 79919 train loss 7.7696 test loss 9.7075
+performance on testing set---------+-----------------+-----------------+-----------------+-----------------+-------+
| Rank@1,mIoU@0.3 | Rank@1,mIoU@0.5 | Rank@1,mIoU@0.7 | Rank@5,mIoU@0.3 | Rank@5,mIoU@0.5 | Rank@5,mIoU@0.7 | mIoU  |
+-----------------+-----------------+-----------------+-----------------+-----------------+-----------------+-------+
|      47.06      |      35.56      |      21.79      |      67.58      |      56.51      |      31.77      | 33.65 |
+-----------------+-----------------+-----------------+-----------------+-----------------+-----------------+-------+

2023-11-29 04:26:32,227 
iter: 81550 train loss 7.7483 test loss 9.8772
+performance on testing set---------+-----------------+-----------------+-----------------+-----------------+-------+
| Rank@1,mIoU@0.3 | Rank@1,mIoU@0.5 | Rank@1,mIoU@0.7 | Rank@5,mIoU@0.3 | Rank@5,mIoU@0.5 | Rank@5,mIoU@0.7 | mIoU  |
+-----------------+-----------------+-----------------+-----------------+-----------------+-----------------+-------+
|      47.41      |      35.22      |      22.27      |      66.76      |      55.86      |      32.57      | 33.57 |
+-----------------+-----------------+-----------------+-----------------+-----------------+-----------------+-------+

2023-11-29 04:36:03,407 
iter: 83181 train loss 7.7485 test loss 10.4534
+performance on testing set---------+-----------------+-----------------+-----------------+-----------------+-------+
| Rank@1,mIoU@0.3 | Rank@1,mIoU@0.5 | Rank@1,mIoU@0.7 | Rank@5,mIoU@0.3 | Rank@5,mIoU@0.5 | Rank@5,mIoU@0.7 | mIoU  |
+-----------------+-----------------+-----------------+-----------------+-----------------+-----------------+-------+
|      46.14      |      33.99      |      20.85      |      65.48      |      54.26      |      30.59      | 32.42 |
+-----------------+-----------------+-----------------+-----------------+-----------------+-----------------+-------+

2023-11-29 04:45:36,603 
iter: 84812 train loss 7.6557 test loss 9.6822
+performance on testing set---------+-----------------+-----------------+-----------------+-----------------+-------+
| Rank@1,mIoU@0.3 | Rank@1,mIoU@0.5 | Rank@1,mIoU@0.7 | Rank@5,mIoU@0.3 | Rank@5,mIoU@0.5 | Rank@5,mIoU@0.7 | mIoU  |
+-----------------+-----------------+-----------------+-----------------+-----------------+-----------------+-------+
|      47.08      |      35.89      |      21.79      |      67.38      |      56.74      |      31.89      | 33.61 |
+-----------------+-----------------+-----------------+-----------------+-----------------+-----------------+-------+

2023-11-29 04:55:08,674 
iter: 86443 train loss 7.6798 test loss 10.1184
+performance on testing set---------+-----------------+-----------------+-----------------+-----------------+-------+
| Rank@1,mIoU@0.3 | Rank@1,mIoU@0.5 | Rank@1,mIoU@0.7 | Rank@5,mIoU@0.3 | Rank@5,mIoU@0.5 | Rank@5,mIoU@0.7 | mIoU  |
+-----------------+-----------------+-----------------+-----------------+-----------------+-----------------+-------+
|      46.98      |      35.21      |      22.36      |      68.05      |      57.78      |      33.38      | 33.78 |
+-----------------+-----------------+-----------------+-----------------+-----------------+-----------------+-------+

2023-11-29 05:04:40,026 
iter: 88074 train loss 7.5847 test loss 10.6533
+performance on testing set---------+-----------------+-----------------+-----------------+-----------------+-------+
| Rank@1,mIoU@0.3 | Rank@1,mIoU@0.5 | Rank@1,mIoU@0.7 | Rank@5,mIoU@0.3 | Rank@5,mIoU@0.5 | Rank@5,mIoU@0.7 | mIoU  |
+-----------------+-----------------+-----------------+-----------------+-----------------+-----------------+-------+
|      46.76      |      35.59      |      23.14      |      65.05      |      54.08      |      32.24      | 33.73 |
+-----------------+-----------------+-----------------+-----------------+-----------------+-----------------+-------+

2023-11-29 05:14:10,917 
iter: 89705 train loss 7.6120 test loss 10.0895
+performance on testing set---------+-----------------+-----------------+-----------------+-----------------+-------+
| Rank@1,mIoU@0.3 | Rank@1,mIoU@0.5 | Rank@1,mIoU@0.7 | Rank@5,mIoU@0.3 | Rank@5,mIoU@0.5 | Rank@5,mIoU@0.7 | mIoU  |
+-----------------+-----------------+-----------------+-----------------+-----------------+-----------------+-------+
|      45.49      |      34.56      |      21.02      |      65.63      |      55.41      |      30.17      | 32.38 |
+-----------------+-----------------+-----------------+-----------------+-----------------+-----------------+-------+

2023-11-29 05:23:43,903 
iter: 91336 train loss 7.4982 test loss 10.1433
+performance on testing set---------+-----------------+-----------------+-----------------+-----------------+-------+
| Rank@1,mIoU@0.3 | Rank@1,mIoU@0.5 | Rank@1,mIoU@0.7 | Rank@5,mIoU@0.3 | Rank@5,mIoU@0.5 | Rank@5,mIoU@0.7 | mIoU  |
+-----------------+-----------------+-----------------+-----------------+-----------------+-----------------+-------+
|      44.99      |      33.87      |      20.39      |      65.01      |      54.94      |      30.43      | 32.13 |
+-----------------+-----------------+-----------------+-----------------+-----------------+-----------------+-------+

2023-11-29 05:33:13,008 
iter: 92967 train loss 7.4637 test loss 10.0949
+performance on testing set---------+-----------------+-----------------+-----------------+-----------------+-------+
| Rank@1,mIoU@0.3 | Rank@1,mIoU@0.5 | Rank@1,mIoU@0.7 | Rank@5,mIoU@0.3 | Rank@5,mIoU@0.5 | Rank@5,mIoU@0.7 | mIoU  |
+-----------------+-----------------+-----------------+-----------------+-----------------+-----------------+-------+
|      46.38      |      35.39      |      21.14      |      67.77      |      56.80      |      31.59      | 33.18 |
+-----------------+-----------------+-----------------+-----------------+-----------------+-----------------+-------+

2023-11-29 05:42:44,598 
iter: 94598 train loss 7.4772 test loss 10.6122
+performance on testing set---------+-----------------+-----------------+-----------------+-----------------+-------+
| Rank@1,mIoU@0.3 | Rank@1,mIoU@0.5 | Rank@1,mIoU@0.7 | Rank@5,mIoU@0.3 | Rank@5,mIoU@0.5 | Rank@5,mIoU@0.7 | mIoU  |
+-----------------+-----------------+-----------------+-----------------+-----------------+-----------------+-------+
|      47.86      |      36.59      |      21.60      |      67.60      |      57.51      |      30.89      | 33.90 |
+-----------------+-----------------+-----------------+-----------------+-----------------+-----------------+-------+

2023-11-29 05:52:15,892 
iter: 96229 train loss 7.4265 test loss 10.1341
+performance on testing set---------+-----------------+-----------------+-----------------+-----------------+-------+
| Rank@1,mIoU@0.3 | Rank@1,mIoU@0.5 | Rank@1,mIoU@0.7 | Rank@5,mIoU@0.3 | Rank@5,mIoU@0.5 | Rank@5,mIoU@0.7 | mIoU  |
+-----------------+-----------------+-----------------+-----------------+-----------------+-----------------+-------+
|      46.61      |      34.68      |      21.64      |      64.65      |      54.11      |      30.99      | 32.93 |
+-----------------+-----------------+-----------------+-----------------+-----------------+-----------------+-------+

2023-11-29 06:01:48,468 
iter: 97860 train loss 7.4118 test loss 10.3118
+performance on testing set---------+-----------------+-----------------+-----------------+-----------------+-------+
| Rank@1,mIoU@0.3 | Rank@1,mIoU@0.5 | Rank@1,mIoU@0.7 | Rank@5,mIoU@0.3 | Rank@5,mIoU@0.5 | Rank@5,mIoU@0.7 | mIoU  |
+-----------------+-----------------+-----------------+-----------------+-----------------+-----------------+-------+
|      45.79      |      34.49      |      20.40      |      65.76      |      54.69      |      30.02      | 32.47 |
+-----------------+-----------------+-----------------+-----------------+-----------------+-----------------+-------+

2023-11-29 06:11:19,361 
iter: 99491 train loss 7.3627 test loss 10.5212
+performance on testing set---------+-----------------+-----------------+-----------------+-----------------+-------+
| Rank@1,mIoU@0.3 | Rank@1,mIoU@0.5 | Rank@1,mIoU@0.7 | Rank@5,mIoU@0.3 | Rank@5,mIoU@0.5 | Rank@5,mIoU@0.7 | mIoU  |
+-----------------+-----------------+-----------------+-----------------+-----------------+-----------------+-------+
|      46.78      |      35.36      |      20.62      |      67.78      |      57.23      |      30.74      | 33.28 |
+-----------------+-----------------+-----------------+-----------------+-----------------+-----------------+-------+

2023-11-29 06:20:50,076 
iter: 101122 train loss 7.3163 test loss 10.1452
+performance on testing set---------+-----------------+-----------------+-----------------+-----------------+-------+
| Rank@1,mIoU@0.3 | Rank@1,mIoU@0.5 | Rank@1,mIoU@0.7 | Rank@5,mIoU@0.3 | Rank@5,mIoU@0.5 | Rank@5,mIoU@0.7 | mIoU  |
+-----------------+-----------------+-----------------+-----------------+-----------------+-----------------+-------+
|      45.41      |      34.92      |      22.87      |      63.73      |      54.46      |      32.07      | 32.74 |
+-----------------+-----------------+-----------------+-----------------+-----------------+-----------------+-------+

2023-11-29 06:30:20,839 
iter: 102753 train loss 7.2982 test loss 10.2441
+performance on testing set---------+-----------------+-----------------+-----------------+-----------------+-------+
| Rank@1,mIoU@0.3 | Rank@1,mIoU@0.5 | Rank@1,mIoU@0.7 | Rank@5,mIoU@0.3 | Rank@5,mIoU@0.5 | Rank@5,mIoU@0.7 | mIoU  |
+-----------------+-----------------+-----------------+-----------------+-----------------+-----------------+-------+
|      48.61      |      37.44      |      22.76      |      68.11      |      57.88      |      32.36      | 34.51 |
+-----------------+-----------------+-----------------+-----------------+-----------------+-----------------+-------+

2023-11-29 06:39:51,771 
iter: 104384 train loss 7.2397 test loss 10.5815
+performance on testing set---------+-----------------+-----------------+-----------------+-----------------+-------+
| Rank@1,mIoU@0.3 | Rank@1,mIoU@0.5 | Rank@1,mIoU@0.7 | Rank@5,mIoU@0.3 | Rank@5,mIoU@0.5 | Rank@5,mIoU@0.7 | mIoU  |
+-----------------+-----------------+-----------------+-----------------+-----------------+-----------------+-------+
|      46.27      |      34.82      |      20.24      |      66.03      |      55.69      |      30.56      | 32.73 |
+-----------------+-----------------+-----------------+-----------------+-----------------+-----------------+-------+

2023-11-29 06:49:21,918 
iter: 106015 train loss 7.2030 test loss 11.3837
+performance on testing set---------+-----------------+-----------------+-----------------+-----------------+-------+
| Rank@1,mIoU@0.3 | Rank@1,mIoU@0.5 | Rank@1,mIoU@0.7 | Rank@5,mIoU@0.3 | Rank@5,mIoU@0.5 | Rank@5,mIoU@0.7 | mIoU  |
+-----------------+-----------------+-----------------+-----------------+-----------------+-----------------+-------+
|      46.72      |      35.27      |      20.70      |      64.71      |      54.59      |      29.90      | 33.05 |
+-----------------+-----------------+-----------------+-----------------+-----------------+-----------------+-------+

2023-11-29 06:58:52,659 
iter: 107646 train loss 7.2158 test loss 10.4802
+performance on testing set---------+-----------------+-----------------+-----------------+-----------------+-------+
| Rank@1,mIoU@0.3 | Rank@1,mIoU@0.5 | Rank@1,mIoU@0.7 | Rank@5,mIoU@0.3 | Rank@5,mIoU@0.5 | Rank@5,mIoU@0.7 | mIoU  |
+-----------------+-----------------+-----------------+-----------------+-----------------+-----------------+-------+
|      47.69      |      35.79      |      21.42      |      67.13      |      55.39      |      30.89      | 33.92 |
+-----------------+-----------------+-----------------+-----------------+-----------------+-----------------+-------+

2023-11-29 07:08:23,627 
iter: 109277 train loss 7.1741 test loss 10.9808
+performance on testing set---------+-----------------+-----------------+-----------------+-----------------+-------+
| Rank@1,mIoU@0.3 | Rank@1,mIoU@0.5 | Rank@1,mIoU@0.7 | Rank@5,mIoU@0.3 | Rank@5,mIoU@0.5 | Rank@5,mIoU@0.7 | mIoU  |
+-----------------+-----------------+-----------------+-----------------+-----------------+-----------------+-------+
|      46.26      |      34.76      |      20.71      |      65.18      |      54.81      |      29.96      | 32.99 |
+-----------------+-----------------+-----------------+-----------------+-----------------+-----------------+-------+

2023-11-29 07:17:54,508 
iter: 110908 train loss 7.2197 test loss 10.6398
+performance on testing set---------+-----------------+-----------------+-----------------+-----------------+-------+
| Rank@1,mIoU@0.3 | Rank@1,mIoU@0.5 | Rank@1,mIoU@0.7 | Rank@5,mIoU@0.3 | Rank@5,mIoU@0.5 | Rank@5,mIoU@0.7 | mIoU  |
+-----------------+-----------------+-----------------+-----------------+-----------------+-----------------+-------+
|      46.86      |      35.66      |      20.82      |      65.13      |      55.39      |      29.87      | 32.91 |
+-----------------+-----------------+-----------------+-----------------+-----------------+-----------------+-------+

2023-11-29 07:27:21,645 
iter: 112539 train loss 7.1593 test loss 10.6914
+performance on testing set---------+-----------------+-----------------+-----------------+-----------------+-------+
| Rank@1,mIoU@0.3 | Rank@1,mIoU@0.5 | Rank@1,mIoU@0.7 | Rank@5,mIoU@0.3 | Rank@5,mIoU@0.5 | Rank@5,mIoU@0.7 | mIoU  |
+-----------------+-----------------+-----------------+-----------------+-----------------+-----------------+-------+
|      45.54      |      35.32      |      21.22      |      65.88      |      54.86      |      30.14      | 32.75 |
+-----------------+-----------------+-----------------+-----------------+-----------------+-----------------+-------+

2023-11-29 07:36:53,127 
iter: 114170 train loss 7.0610 test loss 10.9145
+performance on testing set---------+-----------------+-----------------+-----------------+-----------------+-------+
| Rank@1,mIoU@0.3 | Rank@1,mIoU@0.5 | Rank@1,mIoU@0.7 | Rank@5,mIoU@0.3 | Rank@5,mIoU@0.5 | Rank@5,mIoU@0.7 | mIoU  |
+-----------------+-----------------+-----------------+-----------------+-----------------+-----------------+-------+
|      46.76      |      35.86      |      22.94      |      65.57      |      55.50      |      32.28      | 33.54 |
+-----------------+-----------------+-----------------+-----------------+-----------------+-----------------+-------+

2023-11-29 07:46:25,074 
iter: 115801 train loss 7.0689 test loss 10.6166
+performance on testing set---------+-----------------+-----------------+-----------------+-----------------+-------+
| Rank@1,mIoU@0.3 | Rank@1,mIoU@0.5 | Rank@1,mIoU@0.7 | Rank@5,mIoU@0.3 | Rank@5,mIoU@0.5 | Rank@5,mIoU@0.7 | mIoU  |
+-----------------+-----------------+-----------------+-----------------+-----------------+-----------------+-------+
|      46.62      |      35.50      |      21.53      |      65.41      |      55.59      |      30.22      | 33.39 |
+-----------------+-----------------+-----------------+-----------------+-----------------+-----------------+-------+

2023-11-29 07:55:52,753 
iter: 117432 train loss 7.0191 test loss 10.6153
+performance on testing set---------+-----------------+-----------------+-----------------+-----------------+-------+
| Rank@1,mIoU@0.3 | Rank@1,mIoU@0.5 | Rank@1,mIoU@0.7 | Rank@5,mIoU@0.3 | Rank@5,mIoU@0.5 | Rank@5,mIoU@0.7 | mIoU  |
+-----------------+-----------------+-----------------+-----------------+-----------------+-----------------+-------+
|      47.26      |      36.37      |      22.61      |      66.68      |      56.54      |      32.06      | 33.79 |
+-----------------+-----------------+-----------------+-----------------+-----------------+-----------------+-------+

2023-11-29 08:05:23,516 
iter: 119063 train loss 7.0243 test loss 10.5939
+performance on testing set---------+-----------------+-----------------+-----------------+-----------------+-------+
| Rank@1,mIoU@0.3 | Rank@1,mIoU@0.5 | Rank@1,mIoU@0.7 | Rank@5,mIoU@0.3 | Rank@5,mIoU@0.5 | Rank@5,mIoU@0.7 | mIoU  |
+-----------------+-----------------+-----------------+-----------------+-----------------+-----------------+-------+
|      47.76      |      36.41      |      22.82      |      66.28      |      55.66      |      31.37      | 33.93 |
+-----------------+-----------------+-----------------+-----------------+-----------------+-----------------+-------+

